2025-06-21 14:24:59,628 - INFO - [31m[1mWARNING: This is a development server. Do not use it in a production deployment. Use a production WSGI server instead.[0m
 * Running on http://127.0.0.1:5000
2025-06-21 14:24:59,628 - INFO - [33mPress CTRL+C to quit[0m
2025-06-21 14:24:59,629 - INFO -  * Restarting with stat
2025-06-21 14:25:03,508 - WARNING -  * Debugger is active!
2025-06-21 14:25:03,511 - INFO -  * Debugger PIN: 213-252-893
2025-06-21 14:25:22,044 - INFO - 127.0.0.1 - - [21/Jun/2025 14:25:22] "GET / HTTP/1.1" 200 -
2025-06-21 14:28:04,010 - INFO - Début de l'interpolation
2025-06-21 14:28:05,170 - INFO - Valeurs hors limites corrigées: {'Air_Temp_Deg_C': np.int64(2), 'Wind_Dir_Deg': np.int64(3843)}
2025-06-21 14:28:09,311 - WARNING - Erreur calcul astronomique pour Bankandi: Cannot convert tz-naive timestamps, use tz_localize to localize
2025-06-21 14:28:09,366 - WARNING - Erreur calcul astronomique pour Dreyer Foundation: Cannot convert tz-naive timestamps, use tz_localize to localize
2025-06-21 14:28:09,408 - WARNING - Erreur calcul astronomique pour Fafo: Cannot convert tz-naive timestamps, use tz_localize to localize
2025-06-21 14:28:09,466 - WARNING - Erreur calcul astronomique pour Wahablé: Cannot convert tz-naive timestamps, use tz_localize to localize
2025-06-21 14:28:09,539 - WARNING - Erreur calcul astronomique pour Yabogane: Cannot convert tz-naive timestamps, use tz_localize to localize
2025-06-21 14:28:09,539 - INFO - Résultats calcul astronomique: {'success': 0, 'failed': 5, 'fixed': 10}
2025-06-21 14:28:10,250 - INFO - Aucune valeur manquante après interpolation
2025-06-21 14:28:10,251 - INFO - Temps total d'exécution: 6.21 secondes
2025-06-21 14:28:10,572 - INFO - 127.0.0.1 - - [21/Jun/2025 14:28:10] "[32mPOST /upload HTTP/1.1[0m" 302 -
2025-06-21 14:28:12,528 - INFO - 127.0.0.1 - - [21/Jun/2025 14:28:12] "GET /preview HTTP/1.1" 200 -
2025-06-21 14:30:05,943 - INFO -  * Detected change in '/home/fiarma-landry-some/Documents/Stage/meteo_app/data_processing.py', reloading
2025-06-21 14:30:07,810 - INFO -  * Restarting with stat
2025-06-21 14:43:41,660 - INFO -  * Restarting with stat
2025-06-21 14:55:04,508 - INFO -  * Restarting with stat
2025-06-21 15:17:53,725 - INFO -  * Restarting with stat
2025-06-21 16:37:16,299 - INFO -  * Restarting with stat
2025-06-21 16:41:42,143 - INFO -  * Restarting with stat
2025-06-21 17:06:50,285 - INFO -  * Restarting with stat
2025-06-21 17:36:39,264 - INFO -  * Restarting with stat
2025-06-21 17:37:16,008 - INFO -  * Restarting with stat
2025-06-21 18:20:58,212 - INFO -  * Restarting with stat
2025-06-21 18:21:28,671 - INFO -  * Restarting with stat
2025-06-21 18:22:11,786 - INFO -  * Restarting with stat
2025-06-21 18:23:38,457 - INFO -  * Restarting with stat
